#
# There is insufficient memory for the Java Runtime Environment to continue.
# Native memory allocation (malloc) failed to allocate 32744 bytes for ChunkPool::allocate
# Possible reasons:
#   The system is out of physical RAM or swap space
#   In 32 bit mode, the process size limit was hit
# Possible solutions:
#   Reduce memory load on the system
#   Increase physical memory or swap space
#   Check if swap backing store is full
#   Use 64 bit Java on a 64 bit OS
#   Decrease Java heap size (-Xmx/-Xms)
#   Decrease number of Java threads
#   Decrease Java thread stack sizes (-Xss)
#   Set larger code cache with -XX:ReservedCodeCacheSize=
# This output file may be truncated or incomplete.
#
#  Out of Memory Error (allocation.cpp:273), pid=1940, tid=0x00000000000039ec
#
# JRE version: Java(TM) SE Runtime Environment (8.0_121-b13) (build 1.8.0_121-b13)
# Java VM: Java HotSpot(TM) 64-Bit Server VM (25.121-b13 mixed mode windows-amd64 compressed oops)
# Failed to write core dump. Minidumps are not enabled by default on client versions of Windows
#

---------------  T H R E A D  ---------------

Current thread (0x000000001e2ef800):  JavaThread "C2 CompilerThread1" daemon [_thread_in_native, id=14828, stack(0x000000001ebb0000,0x000000001ecb0000)]

Stack: [0x000000001ebb0000,0x000000001ecb0000]
[error occurred during error reporting (printing stack bounds), id 0xc0000005]

Native frames: (J=compiled Java code, j=interpreted, Vv=VM code, C=native code)


Current CompileTask:
C2:   6720 6228   !   4       java.net.URL::<init> (543 bytes)


---------------  P R O C E S S  ---------------

Java Threads: ( => current thread )
  0x0000000020679000 JavaThread "localhost-startStop-1" daemon [_thread_in_native, id=22480, stack(0x00000000284e0000,0x00000000285e0000)]
  0x0000000020676000 JavaThread "Tomcat-startStop-1" daemon [_thread_blocked, id=21600, stack(0x00000000283e0000,0x00000000284e0000)]
  0x0000000022bc2000 JavaThread "main" [_thread_blocked, id=12504, stack(0x0000000023360000,0x0000000023460000)]
  0x000000001e386000 JavaThread "Service Thread" daemon [_thread_blocked, id=19960, stack(0x000000001eeb0000,0x000000001efb0000)]
  0x000000001e2f5800 JavaThread "C1 CompilerThread3" daemon [_thread_blocked, id=12932, stack(0x000000001edb0000,0x000000001eeb0000)]
  0x000000001e2f1800 JavaThread "C2 CompilerThread2" daemon [_thread_in_native, id=18544, stack(0x000000001ecb0000,0x000000001edb0000)]
=>0x000000001e2ef800 JavaThread "C2 CompilerThread1" daemon [_thread_in_native, id=14828, stack(0x000000001ebb0000,0x000000001ecb0000)]
  0x000000001e2ec800 JavaThread "C2 CompilerThread0" daemon [_thread_in_native, id=12372, stack(0x000000001eab0000,0x000000001ebb0000)]
  0x000000001e2ea000 JavaThread "Attach Listener" daemon [_thread_blocked, id=20680, stack(0x000000001e9b0000,0x000000001eab0000)]
  0x000000001e2e8800 JavaThread "Signal Dispatcher" daemon [_thread_blocked, id=27752, stack(0x000000001e8b0000,0x000000001e9b0000)]
  0x000000001e2e0800 JavaThread "Finalizer" daemon [_thread_blocked, id=4392, stack(0x000000001e6c0000,0x000000001e7c0000)]
  0x00000000029e9000 JavaThread "Reference Handler" daemon [_thread_blocked, id=23916, stack(0x000000001e1c0000,0x000000001e2c0000)]
  0x00000000028f3000 JavaThread "main" [_thread_blocked, id=21060, stack(0x00000000027b0000,0x00000000028b0000)]

Other Threads:
  0x000000001c3d8000 VMThread [stack: 0x000000001e0c0000,0x000000001e1c0000] [id=16552]
  0x000000001e3bc000 WatcherThread [stack: 0x000000001efb0000,0x000000001f0b0000] [id=17132]

VM state:not at safepoint (normal execution)

VM Mutex/Monitor currently owned by a thread: None

Heap:
 PSYoungGen      total 131584K, used 52385K [0x000000076b580000, 0x0000000778700000, 0x00000007c0000000)
  eden space 120832K, 34% used [0x000000076b580000,0x000000076de76d10,0x0000000772b80000)
  from space 10752K, 97% used [0x0000000773f00000,0x0000000774931a30,0x0000000774980000)
  to   space 19968K, 0% used [0x0000000772b80000,0x0000000772b80000,0x0000000773f00000)
 ParOldGen       total 134656K, used 26717K [0x00000006c2000000, 0x00000006ca380000, 0x000000076b580000)
  object space 134656K, 19% used [0x00000006c2000000,0x00000006c3a174d0,0x00000006ca380000)
 Metaspace       used 44540K, capacity 45740K, committed 45952K, reserved 1089536K
  class space    used 5626K, capacity 5971K, committed 6016K, reserved 1048576K

Card table byte_map: [0x0000000011db0000,0x00000000125b0000] byte_map_base: 0x000000000e7a0000

Marking Bits: (ParMarkBitMap*) 0x000000005e8fb6d0
 Begin Bits: [0x0000000013300000, 0x0000000017280000)
 End Bits:   [0x0000000017280000, 0x000000001b200000)

Polling page: 0x00000000026d0000

CodeCache: size=245760Kb used=18494Kb max_used=18898Kb free=227265Kb
 bounds [0x00000000029f0000, 0x0000000003ca0000, 0x00000000119f0000]
 total_blobs=5718 nmethods=5294 adapters=336
 compilation: enabled

Compilation events (10 events):
Event: 6.711 Thread 0x000000001e2f5800 nmethod 6276 0x0000000002e60250 code [0x0000000002e603e0, 0x0000000002e60818]
Event: 6.711 Thread 0x000000001e2f5800 6278   !   3       org.springframework.util.ClassUtils::getMethodIfAvailable (121 bytes)
Event: 6.712 Thread 0x000000001e2f5800 nmethod 6278 0x0000000003a3a210 code [0x0000000003a3a500, 0x0000000003a3b908]
Event: 6.713 Thread 0x000000001e2f5800 6279       3       org.springframework.util.ConcurrentReferenceHashMap::get (37 bytes)
Event: 6.713 Thread 0x000000001e2f5800 nmethod 6279 0x0000000002e09410 code [0x0000000002e095e0, 0x0000000002e09db8]
Event: 6.714 Thread 0x000000001e2f5800 6281       3       org.springframework.transaction.annotation.AnnotationTransactionAttributeSource::findTransactionAttribute (6 bytes)
Event: 6.714 Thread 0x000000001e2f5800 nmethod 6281 0x0000000002f156d0 code [0x0000000002f15840, 0x0000000002f159e8]
Event: 6.715 Thread 0x000000001e2f5800 6280       3       org.springframework.transaction.annotation.AnnotationTransactionAttributeSource::findTransactionAttribute (6 bytes)
Event: 6.715 Thread 0x000000001e2f5800 nmethod 6280 0x00000000031f0190 code [0x00000000031f0300, 0x00000000031f04a8]
Event: 6.715 Thread 0x000000001e2f5800 6277       3       org.springframework.beans.factory.support.AutowireUtils::isExcludedFromDependencyCheck (57 bytes)

GC Heap History (10 events):
Event: 3.478 GC heap before
{Heap before GC invocations=6 (full 1):
 PSYoungGen      total 140800K, used 10736K [0x000000076b580000, 0x0000000774980000, 0x00000007c0000000)
  eden space 130048K, 0% used [0x000000076b580000,0x000000076b580000,0x0000000773480000)
  from space 10752K, 99% used [0x0000000773480000,0x0000000773efc030,0x0000000773f00000)
  to   space 10752K, 0% used [0x0000000773f00000,0x0000000773f00000,0x0000000774980000)
 ParOldGen       total 173568K, used 16585K [0x00000006c2000000, 0x00000006cc980000, 0x000000076b580000)
  object space 173568K, 9% used [0x00000006c2000000,0x00000006c30325a8,0x00000006cc980000)
 Metaspace       used 20567K, capacity 21120K, committed 21296K, reserved 1069056K
  class space    used 2452K, capacity 2652K, committed 2688K, reserved 1048576K
Event: 3.568 GC heap after
Heap after GC invocations=6 (full 1):
 PSYoungGen      total 140800K, used 0K [0x000000076b580000, 0x0000000774980000, 0x00000007c0000000)
  eden space 130048K, 0% used [0x000000076b580000,0x000000076b580000,0x0000000773480000)
  from space 10752K, 0% used [0x0000000773480000,0x0000000773480000,0x0000000773f00000)
  to   space 10752K, 0% used [0x0000000773f00000,0x0000000773f00000,0x0000000774980000)
 ParOldGen       total 134656K, used 23575K [0x00000006c2000000, 0x00000006ca380000, 0x000000076b580000)
  object space 134656K, 17% used [0x00000006c2000000,0x00000006c3705c90,0x00000006ca380000)
 Metaspace       used 20567K, capacity 21120K, committed 21296K, reserved 1069056K
  class space    used 2452K, capacity 2652K, committed 2688K, reserved 1048576K
}
Event: 4.691 GC heap before
{Heap before GC invocations=7 (full 1):
 PSYoungGen      total 140800K, used 130048K [0x000000076b580000, 0x0000000774980000, 0x00000007c0000000)
  eden space 130048K, 100% used [0x000000076b580000,0x0000000773480000,0x0000000773480000)
  from space 10752K, 0% used [0x0000000773480000,0x0000000773480000,0x0000000773f00000)
  to   space 10752K, 0% used [0x0000000773f00000,0x0000000773f00000,0x0000000774980000)
 ParOldGen       total 134656K, used 23575K [0x00000006c2000000, 0x00000006ca380000, 0x000000076b580000)
  object space 134656K, 17% used [0x00000006c2000000,0x00000006c3705c90,0x00000006ca380000)
 Metaspace       used 34308K, capacity 35224K, committed 35496K, reserved 1081344K
  class space    used 4189K, capacity 4482K, committed 4608K, reserved 1048576K
Event: 4.699 GC heap after
Heap after GC invocations=7 (full 1):
 PSYoungGen      total 140800K, used 10738K [0x000000076b580000, 0x0000000774980000, 0x00000007c0000000)
  eden space 130048K, 0% used [0x000000076b580000,0x000000076b580000,0x0000000773480000)
  from space 10752K, 99% used [0x0000000773f00000,0x000000077497cac8,0x0000000774980000)
  to   space 10752K, 0% used [0x0000000773480000,0x0000000773480000,0x0000000773f00000)
 ParOldGen       total 134656K, used 28301K [0x00000006c2000000, 0x00000006ca380000, 0x000000076b580000)
  object space 134656K, 21% used [0x00000006c2000000,0x00000006c3ba3560,0x00000006ca380000)
 Metaspace       used 34308K, capacity 35224K, committed 35496K, reserved 1081344K
  class space    used 4189K, capacity 4482K, committed 4608K, reserved 1048576K
}
Event: 4.765 GC heap before
{Heap before GC invocations=8 (full 1):
 PSYoungGen      total 140800K, used 47685K [0x000000076b580000, 0x0000000774980000, 0x00000007c0000000)
  eden space 130048K, 28% used [0x000000076b580000,0x000000076d994998,0x0000000773480000)
  from space 10752K, 99% used [0x0000000773f00000,0x000000077497cac8,0x0000000774980000)
  to   space 10752K, 0% used [0x0000000773480000,0x0000000773480000,0x0000000773f00000)
 ParOldGen       total 134656K, used 28301K [0x00000006c2000000, 0x00000006ca380000, 0x000000076b580000)
  object space 134656K, 21% used [0x00000006c2000000,0x00000006c3ba3560,0x00000006ca380000)
 Metaspace       used 34449K, capacity 35308K, committed 35496K, reserved 1081344K
  class space    used 4204K, capacity 4488K, committed 4608K, reserved 1048576K
Event: 4.769 GC heap after
Heap after GC invocations=8 (full 1):
 PSYoungGen      total 140800K, used 5765K [0x000000076b580000, 0x0000000774980000, 0x00000007c0000000)
  eden space 130048K, 0% used [0x000000076b580000,0x000000076b580000,0x0000000773480000)
  from space 10752K, 53% used [0x0000000773480000,0x0000000773a21470,0x0000000773f00000)
  to   space 10752K, 0% used [0x0000000773f00000,0x0000000773f00000,0x0000000774980000)
 ParOldGen       total 134656K, used 28309K [0x00000006c2000000, 0x00000006ca380000, 0x000000076b580000)
  object space 134656K, 21% used [0x00000006c2000000,0x00000006c3ba5560,0x00000006ca380000)
 Metaspace       used 34449K, capacity 35308K, committed 35496K, reserved 1081344K
  class space    used 4204K, capacity 4488K, committed 4608K, reserved 1048576K
}
Event: 4.769 GC heap before
{Heap before GC invocations=9 (full 2):
 PSYoungGen      total 140800K, used 5765K [0x000000076b580000, 0x0000000774980000, 0x00000007c0000000)
  eden space 130048K, 0% used [0x000000076b580000,0x000000076b580000,0x0000000773480000)
  from space 10752K, 53% used [0x0000000773480000,0x0000000773a21470,0x0000000773f00000)
  to   space 10752K, 0% used [0x0000000773f00000,0x0000000773f00000,0x0000000774980000)
 ParOldGen       total 134656K, used 28309K [0x00000006c2000000, 0x00000006ca380000, 0x000000076b580000)
  object space 134656K, 21% used [0x00000006c2000000,0x00000006c3ba5560,0x00000006ca380000)
 Metaspace       used 34449K, capacity 35308K, committed 35496K, reserved 1081344K
  class space    used 4204K, capacity 4488K, committed 4608K, reserved 1048576K
Event: 4.836 GC heap after
Heap after GC invocations=9 (full 2):
 PSYoungGen      total 140800K, used 0K [0x000000076b580000, 0x0000000774980000, 0x00000007c0000000)
  eden space 130048K, 0% used [0x000000076b580000,0x000000076b580000,0x0000000773480000)
  from space 10752K, 0% used [0x0000000773480000,0x0000000773480000,0x0000000773f00000)
  to   space 10752K, 0% used [0x0000000773f00000,0x0000000773f00000,0x0000000774980000)
 ParOldGen       total 134656K, used 26709K [0x00000006c2000000, 0x00000006ca380000, 0x000000076b580000)
  object space 134656K, 19% used [0x00000006c2000000,0x00000006c3a154d0,0x00000006ca380000)
 Metaspace       used 34449K, capacity 35308K, committed 35496K, reserved 1081344K
  class space    used 4204K, capacity 4488K, committed 4608K, reserved 1048576K
}
Event: 6.010 GC heap before
{Heap before GC invocations=10 (full 2):
 PSYoungGen      total 140800K, used 130048K [0x000000076b580000, 0x0000000774980000, 0x00000007c0000000)
  eden space 130048K, 100% used [0x000000076b580000,0x0000000773480000,0x0000000773480000)
  from space 10752K, 0% used [0x0000000773480000,0x0000000773480000,0x0000000773f00000)
  to   space 10752K, 0% used [0x0000000773f00000,0x0000000773f00000,0x0000000774980000)
 ParOldGen       total 134656K, used 26709K [0x00000006c2000000, 0x00000006ca380000, 0x000000076b580000)
  object space 134656K, 19% used [0x00000006c2000000,0x00000006c3a154d0,0x00000006ca380000)
 Metaspace       used 41281K, capacity 42520K, committed 42752K, reserved 1087488K
  class space    used 5218K, capacity 5545K, committed 5632K, reserved 1048576K
Event: 6.017 GC heap after
Heap after GC invocations=10 (full 2):
 PSYoungGen      total 131584K, used 10438K [0x000000076b580000, 0x0000000778700000, 0x00000007c0000000)
  eden space 120832K, 0% used [0x000000076b580000,0x000000076b580000,0x0000000772b80000)
  from space 10752K, 97% used [0x0000000773f00000,0x0000000774931a30,0x0000000774980000)
  to   space 19968K, 0% used [0x0000000772b80000,0x0000000772b80000,0x0000000773f00000)
 ParOldGen       total 134656K, used 26717K [0x00000006c2000000, 0x00000006ca380000, 0x000000076b580000)
  object space 134656K, 19% used [0x00000006c2000000,0x00000006c3a174d0,0x00000006ca380000)
 Metaspace       used 41281K, capacity 42520K, committed 42752K, reserved 1087488K
  class space    used 5218K, capacity 5545K, committed 5632K, reserved 1048576K
}

Deoptimization events (10 events):
Event: 6.574 Thread 0x0000000020679000 Uncommon trap: reason=null_check action=make_not_entrant pc=0x000000000300c148 method=java.net.URL.getURLStreamHandler(Ljava/lang/String;)Ljava/net/URLStreamHandler; @ 7
Event: 6.578 Thread 0x0000000020679000 Uncommon trap: reason=class_check action=maybe_recompile pc=0x0000000002e7af0c method=java.util.zip.InflaterInputStream.read([BII)I @ 100
Event: 6.580 Thread 0x0000000020679000 Uncommon trap: reason=class_check action=maybe_recompile pc=0x0000000002e7af0c method=java.util.zip.InflaterInputStream.read([BII)I @ 100
Event: 6.580 Thread 0x0000000020679000 Uncommon trap: reason=class_check action=maybe_recompile pc=0x0000000002e7af0c method=java.util.zip.InflaterInputStream.read([BII)I @ 100
Event: 6.582 Thread 0x0000000020679000 Uncommon trap: reason=class_check action=maybe_recompile pc=0x0000000002e7af0c method=java.util.zip.InflaterInputStream.read([BII)I @ 100
Event: 6.690 Thread 0x0000000020679000 Uncommon trap: reason=unstable_if action=reinterpret pc=0x000000000382bc44 method=java.util.Properties$LineReader.readLine()I @ 180
Event: 6.694 Thread 0x0000000020679000 Uncommon trap: reason=unstable_if action=reinterpret pc=0x0000000003c166a4 method=java.lang.Class.searchMethods([Ljava/lang/reflect/Method;Ljava/lang/String;[Ljava/lang/Class;)Ljava/lang/reflect/Method; @ 47
Event: 6.703 Thread 0x0000000020679000 Uncommon trap: reason=unstable_if action=reinterpret pc=0x0000000002eed58c method=org.springframework.util.ConcurrentReferenceHashMap$Segment.findInChain(Lorg/springframework/util/ConcurrentReferenceHashMap$Reference;Ljava/lang/Object;I)Lorg/springframewo
Event: 6.703 Thread 0x0000000020679000 Uncommon trap: reason=unstable_if action=reinterpret pc=0x00000000031230cc method=org.springframework.util.ConcurrentReferenceHashMap$Segment.findInChain(Lorg/springframework/util/ConcurrentReferenceHashMap$Reference;Ljava/lang/Object;I)Lorg/springframewo
Event: 6.714 Thread 0x0000000020679000 Uncommon trap: reason=unstable_if action=reinterpret pc=0x0000000003564bdc method=java.util.concurrent.ConcurrentHashMap.get(Ljava/lang/Object;)Ljava/lang/Object; @ 152

Internal exceptions (10 events):
Event: 6.698 Thread 0x0000000020679000 Exception <a 'java/lang/ClassNotFoundException': javax/servlet/http/HttpServletCustomizer> (0x000000076db70500) thrown at [C:\re\workspace\8-2-build-windows-amd64-cygwin\jdk8u121\8372\hotspot\src\share\vm\classfile\systemDictionary.cpp, line 210]
Event: 6.699 Thread 0x0000000020679000 Exception <a 'java/lang/ClassNotFoundException': org/springframework/web/servlet/HttpServletBeanCustomizer> (0x000000076db89978) thrown at [C:\re\workspace\8-2-build-windows-amd64-cygwin\jdk8u121\8372\hotspot\src\share\vm\classfile\systemDictionary.cpp, l
Event: 6.700 Thread 0x0000000020679000 Exception <a 'java/lang/ClassNotFoundException': org/springframework/web/servlet/FrameworkServletCustomizer> (0x000000076dba8a70) thrown at [C:\re\workspace\8-2-build-windows-amd64-cygwin\jdk8u121\8372\hotspot\src\share\vm\classfile\systemDictionary.cpp, 
Event: 6.701 Thread 0x0000000020679000 Exception <a 'java/lang/ClassNotFoundException': org/springframework/web/servlet/DispatcherServletCustomizer> (0x000000076dbde838) thrown at [C:\re\workspace\8-2-build-windows-amd64-cygwin\jdk8u121\8372\hotspot\src\share\vm\classfile\systemDictionary.cpp,
Event: 6.705 Thread 0x0000000020679000 Exception <a 'java/lang/ClassNotFoundException': org/springframework/context/ApplicationContextAwareCustomizer> (0x000000076dc3e880) thrown at [C:\re\workspace\8-2-build-windows-amd64-cygwin\jdk8u121\8372\hotspot\src\share\vm\classfile\systemDictionary.cp
Event: 6.706 Thread 0x0000000020679000 Exception <a 'java/lang/ClassNotFoundException': org/springframework/core/env/EnvironmentCapableCustomizer> (0x000000076dc55ab0) thrown at [C:\re\workspace\8-2-build-windows-amd64-cygwin\jdk8u121\8372\hotspot\src\share\vm\classfile\systemDictionary.cpp, l
Event: 6.707 Thread 0x0000000020679000 Exception <a 'java/lang/ClassNotFoundException': org/springframework/context/EnvironmentAwareCustomizer> (0x000000076dc6be18) thrown at [C:\re\workspace\8-2-build-windows-amd64-cygwin\jdk8u121\8372\hotspot\src\share\vm\classfile\systemDictionary.cpp, line
Event: 6.709 Thread 0x0000000020679000 Exception <a 'java/lang/ClassNotFoundException': javax/servlet/ServletCustomizer> (0x000000076dc7c768) thrown at [C:\re\workspace\8-2-build-windows-amd64-cygwin\jdk8u121\8372\hotspot\src\share\vm\classfile\systemDictionary.cpp, line 210]
Event: 6.709 Thread 0x0000000020679000 Exception <a 'java/lang/ClassNotFoundException': javax/servlet/ServletConfigCustomizer> (0x000000076dc90a80) thrown at [C:\re\workspace\8-2-build-windows-amd64-cygwin\jdk8u121\8372\hotspot\src\share\vm\classfile\systemDictionary.cpp, line 210]
Event: 6.710 Thread 0x0000000020679000 Exception <a 'java/lang/ClassNotFoundException': java/io/SerializableCustomizer> (0x000000076dc9d6b0) thrown at [C:\re\workspace\8-2-build-windows-amd64-cygwin\jdk8u121\8372\hotspot\src\share\vm\classfile\systemDictionary.cpp, line 210]

Events (10 events):
Event: 6.709 loading class javax/servlet/ServletConfigCustomizer done
Event: 6.709 loading class javax/servlet/ServletConfigCustomizer
Event: 6.709 loading class javax/servlet/ServletConfigCustomizer done
Event: 6.709 loading class java/io/SerializableCustomizer
Event: 6.709 loading class java/io/SerializableCustomizer done
Event: 6.710 loading class java/io/SerializableCustomizer
Event: 6.710 loading class java/io/SerializableCustomizer done
Event: 6.714 Thread 0x0000000020679000 Uncommon trap: trap_request=0xffffff65 fr.pc=0x0000000003564bdc
Event: 6.714 Thread 0x0000000020679000 DEOPT PACKING pc=0x0000000003564bdc sp=0x00000000285dd6c0
Event: 6.714 Thread 0x0000000020679000 DEOPT UNPACKING pc=0x0000000002a3582a sp=0x00000000285dd630 mode 2


Dynamic libraries:
0x00007ff6bf590000 - 0x00007ff6bf5c7000 	C:\Program Files\Java\jdk1.8.0_121\bin\java.exe
0x00007ffbe66c0000 - 0x00007ffbe6892000 	C:\windows\SYSTEM32\ntdll.dll
0x00007ffbe5630000 - 0x00007ffbe56dc000 	C:\windows\System32\KERNEL32.DLL
0x00007ffbe3a30000 - 0x00007ffbe3c4d000 	C:\windows\System32\KERNELBASE.dll
0x00007ffbe5df0000 - 0x00007ffbe5e92000 	C:\windows\System32\ADVAPI32.dll
0x00007ffbe5590000 - 0x00007ffbe562e000 	C:\windows\System32\msvcrt.dll
0x00007ffbe3e40000 - 0x00007ffbe3e99000 	C:\windows\System32\sechost.dll
0x00007ffbe5b20000 - 0x00007ffbe5c41000 	C:\windows\System32\RPCRT4.dll
0x00007ffbe5890000 - 0x00007ffbe59f5000 	C:\windows\System32\USER32.dll
0x00007ffbe3120000 - 0x00007ffbe313e000 	C:\windows\System32\win32u.dll
0x00007ffbe65b0000 - 0x00007ffbe65e4000 	C:\windows\System32\GDI32.dll
0x00007ffbe2fa0000 - 0x00007ffbe3120000 	C:\windows\System32\gdi32full.dll
0x00007ffbd9dd0000 - 0x00007ffbda04a000 	C:\windows\WinSxS\amd64_microsoft.windows.common-controls_6595b64144ccf1df_6.0.14393.953_none_42151e83c686086b\COMCTL32.dll
0x00007ffbe5ea0000 - 0x00007ffbe6168000 	C:\windows\System32\combase.dll
0x00007ffbe3140000 - 0x00007ffbe3235000 	C:\windows\System32\ucrtbase.dll
0x00007ffbe2d90000 - 0x00007ffbe2dfa000 	C:\windows\System32\bcryptPrimitives.dll
0x00007ffbe3cb0000 - 0x00007ffbe3cde000 	C:\windows\System32\IMM32.DLL
0x00000000620c0000 - 0x0000000062192000 	C:\Program Files\Java\jdk1.8.0_121\jre\bin\msvcr100.dll
0x000000005e0e0000 - 0x000000005e97b000 	C:\Program Files\Java\jdk1.8.0_121\jre\bin\server\jvm.dll
0x00007ffbe5880000 - 0x00007ffbe5888000 	C:\windows\System32\PSAPI.DLL
0x00007ffbe1140000 - 0x00007ffbe1163000 	C:\windows\SYSTEM32\WINMM.dll
0x00007ffbd9590000 - 0x00007ffbd9599000 	C:\windows\SYSTEM32\WSOCK32.dll
0x00007ffbdadd0000 - 0x00007ffbdadda000 	C:\windows\SYSTEM32\VERSION.dll
0x00007ffbe5810000 - 0x00007ffbe587a000 	C:\windows\System32\WS2_32.dll
0x00000000026a0000 - 0x00000000026cb000 	C:\windows\SYSTEM32\WINMMBASE.dll
0x00007ffbe2e00000 - 0x00007ffbe2e42000 	C:\windows\System32\cfgmgr32.dll
0x0000000062bc0000 - 0x0000000062bcf000 	C:\Program Files\Java\jdk1.8.0_121\jre\bin\verify.dll
0x0000000062b90000 - 0x0000000062bb9000 	C:\Program Files\Java\jdk1.8.0_121\jre\bin\java.dll
0x0000000062330000 - 0x0000000062346000 	C:\Program Files\Java\jdk1.8.0_121\jre\bin\zip.dll
0x00007ffbe4080000 - 0x00007ffbe5588000 	C:\windows\System32\SHELL32.dll
0x00007ffbe3350000 - 0x00007ffbe3a28000 	C:\windows\System32\windows.storage.dll
0x00007ffbe2b70000 - 0x00007ffbe2bbc000 	C:\windows\System32\powrprof.dll
0x00007ffbe3c50000 - 0x00007ffbe3ca2000 	C:\windows\System32\shlwapi.dll
0x00007ffbe2b60000 - 0x00007ffbe2b6f000 	C:\windows\System32\kernel.appcore.dll
0x00007ffbe2e50000 - 0x00007ffbe2ef9000 	C:\windows\System32\shcore.dll
0x00007ffbe2b40000 - 0x00007ffbe2b54000 	C:\windows\System32\profapi.dll
0x0000000062310000 - 0x000000006232a000 	C:\Program Files\Java\jdk1.8.0_121\jre\bin\net.dll
0x00007ffbe2460000 - 0x00007ffbe24bc000 	C:\windows\system32\mswsock.dll
0x00000000622f0000 - 0x0000000062301000 	C:\Program Files\Java\jdk1.8.0_121\jre\bin\nio.dll
0x0000000062b30000 - 0x0000000062b3d000 	C:\Program Files\Java\jdk1.8.0_121\jre\bin\management.dll
0x00007ffbc02a0000 - 0x00007ffbc02b6000 	C:\windows\system32\napinsp.dll
0x00007ffbc02c0000 - 0x00007ffbc02da000 	C:\windows\system32\pnrpnsp.dll
0x00007ffbe0220000 - 0x00007ffbe0238000 	C:\windows\system32\NLAapi.dll
0x00007ffbe2220000 - 0x00007ffbe22c1000 	C:\windows\SYSTEM32\DNSAPI.dll
0x00007ffbe6650000 - 0x00007ffbe6658000 	C:\windows\System32\NSI.dll
0x00007ffbe21e0000 - 0x00007ffbe2218000 	C:\windows\SYSTEM32\IPHLPAPI.DLL
0x00007ffbc2ba0000 - 0x00007ffbc2bae000 	C:\windows\System32\winrnr.dll
0x00007ffbc2bb0000 - 0x00007ffbc2bc5000 	C:\windows\System32\wshbth.dll
0x00007ffbd6640000 - 0x00007ffbd664a000 	C:\Windows\System32\rasadhlp.dll
0x00007ffbde300000 - 0x00007ffbde36a000 	C:\windows\System32\fwpuclnt.dll
0x00007ffbe2710000 - 0x00007ffbe273b000 	C:\windows\SYSTEM32\bcrypt.dll
0x00007ffbe2600000 - 0x00007ffbe2617000 	C:\windows\SYSTEM32\CRYPTSP.dll
0x00007ffbe2070000 - 0x00007ffbe20a3000 	C:\windows\system32\rsaenh.dll
0x00007ffbe22e0000 - 0x00007ffbe22ff000 	C:\windows\SYSTEM32\USERENV.dll
0x00007ffbe2620000 - 0x00007ffbe262b000 	C:\windows\SYSTEM32\CRYPTBASE.dll
0x00007ffbdd360000 - 0x00007ffbdd376000 	C:\windows\SYSTEM32\dhcpcsvc6.DLL
0x00007ffbdd2a0000 - 0x00007ffbdd2ba000 	C:\windows\SYSTEM32\dhcpcsvc.DLL

VM Arguments:
jvm_args: -Dclassworlds.conf=C:\Program Files\Apache\Maven\apache-maven-3.3.9\bin\m2.conf -Dmaven.home=C:\Program Files\Apache\Maven\apache-maven-3.3.9 -Dmaven.multiModuleProjectDirectory=C:\Users\barora\SpringTut\spring5webApp (1)\spring5webApp 
java_command: org.codehaus.plexus.classworlds.launcher.Launcher spring-boot:run -X
java_class_path (initial): C:\Program Files\Apache\Maven\apache-maven-3.3.9\boot\plexus-classworlds-2.5.2.jar
Launcher Type: SUN_STANDARD

Environment Variables:
JAVA_HOME=C:\Program Files\Java\jdk1.8.0_121
CLASSPATH=.;C:\Program Files\Java\jdk1.8.0_121\bin
USERNAME=barora
OS=Windows_NT
PROCESSOR_IDENTIFIER=Intel64 Family 6 Model 94 Stepping 3, GenuineIntel



---------------  S Y S T E M  ---------------

OS: Windows 10.0 , 64 bit Build 14393 (10.0.14393.1198)

CPU:total 8 (4 cores per cpu, 2 threads per core) family 6 model 94 stepping 3, cmov, cx8, fxsr, mmx, sse, sse2, sse3, ssse3, sse4.1, sse4.2, popcnt, avx, avx2, aes, clmul, erms, rtm, 3dnowpref, lzcnt, ht, tsc, tscinvbit, bmi1, bmi2, adx

Memory: 4k page, physical 16640144k(3915780k free), swap 23855524k(4128k free)

vm_info: Java HotSpot(TM) 64-Bit Server VM (25.121-b13) for windows-amd64 JRE (1.8.0_121-b13), built on Dec 12 2016 18:21:36 by "java_re" with MS VC++ 10.0 (VS2010)

time: Wed Dec 20 17:22:12 2017
elapsed time: 6 seconds (0d 0h 0m 6s)

